d:\development\visual studio 2015 computer vision\vision - dyno gamer\vision1\x64\debug\vc140.pdb
d:\development\visual studio 2015 computer vision\vision - dyno gamer\vision1\x64\debug\vc140.idb
d:\development\visual studio 2015 computer vision\vision - dyno gamer\vision1\x64\debug\app.obj
d:\development\visual studio 2015 computer vision\vision - dyno gamer\vision1\x64\debug\main.obj
d:\development\visual studio 2015 computer vision\vision - dyno gamer\vision1\x64\debug\util.obj
d:\development\visual studio 2015 computer vision\vision - dyno gamer\x64\debug\dynogamer.ilk
d:\development\visual studio 2015 computer vision\vision - dyno gamer\x64\debug\dynogamer.exe
d:\development\visual studio 2015 computer vision\vision - dyno gamer\x64\debug\dynogamer.pdb
d:\development\visual studio 2015 computer vision\vision - dyno gamer\vision1\x64\debug\dynogamer.tlog\cl.command.1.tlog
d:\development\visual studio 2015 computer vision\vision - dyno gamer\vision1\x64\debug\dynogamer.tlog\cl.read.1.tlog
d:\development\visual studio 2015 computer vision\vision - dyno gamer\vision1\x64\debug\dynogamer.tlog\cl.write.1.tlog
d:\development\visual studio 2015 computer vision\vision - dyno gamer\vision1\x64\debug\dynogamer.tlog\link.12152.delete.1.tlog
d:\development\visual studio 2015 computer vision\vision - dyno gamer\vision1\x64\debug\dynogamer.tlog\link.16196.delete.1.tlog
d:\development\visual studio 2015 computer vision\vision - dyno gamer\vision1\x64\debug\dynogamer.tlog\link.9772-cvtres.read.1.tlog
d:\development\visual studio 2015 computer vision\vision - dyno gamer\vision1\x64\debug\dynogamer.tlog\link.9772-cvtres.write.1.tlog
d:\development\visual studio 2015 computer vision\vision - dyno gamer\vision1\x64\debug\dynogamer.tlog\link.9772-rc.read.1.tlog
d:\development\visual studio 2015 computer vision\vision - dyno gamer\vision1\x64\debug\dynogamer.tlog\link.9772-rc.write.1.tlog
d:\development\visual studio 2015 computer vision\vision - dyno gamer\vision1\x64\debug\dynogamer.tlog\link.9772.delete.1.tlog
d:\development\visual studio 2015 computer vision\vision - dyno gamer\vision1\x64\debug\dynogamer.tlog\link.9772.read.1.tlog
d:\development\visual studio 2015 computer vision\vision - dyno gamer\vision1\x64\debug\dynogamer.tlog\link.9772.write.1.tlog
d:\development\visual studio 2015 computer vision\vision - dyno gamer\vision1\x64\debug\dynogamer.tlog\link.command.1.tlog
d:\development\visual studio 2015 computer vision\vision - dyno gamer\vision1\x64\debug\dynogamer.tlog\link.read.1.tlog
d:\development\visual studio 2015 computer vision\vision - dyno gamer\vision1\x64\debug\dynogamer.tlog\link.write.1.tlog
