d:\development\visual studio 2015 computer vision\vision1\vision1\x64\debug\vc140.pdb
d:\development\visual studio 2015 computer vision\vision1\vision1\x64\debug\vc140.idb
d:\development\visual studio 2015 computer vision\vision1\vision1\x64\debug\main.obj
d:\development\visual studio 2015 computer vision\vision1\vision1\x64\debug\app.obj
d:\development\visual studio 2015 computer vision\vision1 - cascade classifier\vision1\x64\debug\vc140.pdb
d:\development\visual studio 2015 computer vision\vision1 - cascade classifier\vision1\x64\debug\vc140.idb
d:\development\visual studio 2015 computer vision\vision1 - cascade classifier\vision1\x64\debug\app.obj
d:\development\visual studio 2015 computer vision\vision1 - cascade classifier\vision1\x64\debug\main.obj
d:\development\visual studio 2015 computer vision\vision1\x64\debug\vision1.ilk
d:\development\visual studio 2015 computer vision\vision1\x64\debug\vision1.exe
d:\development\visual studio 2015 computer vision\vision1\x64\debug\vision1.pdb
d:\development\visual studio 2015 computer vision\vision1 - cascade classifier\x64\debug\vision1.ilk
d:\development\visual studio 2015 computer vision\vision1 - cascade classifier\x64\debug\vision1.exe
d:\development\visual studio 2015 computer vision\vision1 - cascade classifier\x64\debug\vision1.pdb
d:\development\visual studio 2015 computer vision\vision1 - cascade classifier\vision1\x64\debug\vision1.tlog\cl.command.1.tlog
d:\development\visual studio 2015 computer vision\vision1 - cascade classifier\vision1\x64\debug\vision1.tlog\cl.read.1.tlog
d:\development\visual studio 2015 computer vision\vision1 - cascade classifier\vision1\x64\debug\vision1.tlog\cl.write.1.tlog
d:\development\visual studio 2015 computer vision\vision1 - cascade classifier\vision1\x64\debug\vision1.tlog\link.14740.delete.1.tlog
d:\development\visual studio 2015 computer vision\vision1 - cascade classifier\vision1\x64\debug\vision1.tlog\link.1760.delete.1.tlog
d:\development\visual studio 2015 computer vision\vision1 - cascade classifier\vision1\x64\debug\vision1.tlog\link.18204.delete.1.tlog
d:\development\visual studio 2015 computer vision\vision1 - cascade classifier\vision1\x64\debug\vision1.tlog\link.command.1.tlog
d:\development\visual studio 2015 computer vision\vision1 - cascade classifier\vision1\x64\debug\vision1.tlog\link.delete.1.tlog
d:\development\visual studio 2015 computer vision\vision1 - cascade classifier\vision1\x64\debug\vision1.tlog\link.read.1.tlog
d:\development\visual studio 2015 computer vision\vision1 - cascade classifier\vision1\x64\debug\vision1.tlog\link.write.1.tlog
